<?xml version="1.0" encoding="UTF-8"?>
<!-- Generated by org.testng.reporters.JUnitXMLReporter -->
<testsuite ignored="1" hostname="Reshma" failures="0" tests="1" name="Default test" time="25.311" errors="0" timestamp="2025-04-03T19:44:42 IST">
  <testcase classname="testScript.PaymentCheckOutTest" name="verifyCheckoutWithUnHappyPath" time="21.373"/>
  <testcase classname="testScript.PaymentCheckOutTest" name="verifyCheckoutWithHappyPath" time="0.0">
    <ignored/>
  </testcase> <!-- verifyCheckoutWithHappyPath -->
</testsuite> <!-- Default test -->
