<?xml version="1.0" encoding="UTF-8"?>
<testng-results ignored="0" total="1" passed="1" failed="0" skipped="0">
  <reporter-output>
  </reporter-output>
  <suite started-at="2025-04-03T19:44:17 IST" name="Default suite" finished-at="2025-04-03T19:44:42 IST" duration-ms="25311">
    <groups>
    </groups>
    <test started-at="2025-04-03T19:44:17 IST" name="Default test" finished-at="2025-04-03T19:44:42 IST" duration-ms="25311">
      <class name="testScript.PaymentCheckOutTest">
        <test-method is-config="true" signature="initializeBrowser()[pri:0, instance:testScript.PaymentCheckOutTest@dd05255]" started-at="2025-04-03T19:44:17 IST" name="initializeBrowser" finished-at="2025-04-03T19:44:21 IST" duration-ms="3887" status="PASS">
          <reporter-output>
          </reporter-output>
        </test-method> <!-- initializeBrowser -->
        <test-method signature="verifyCheckoutWithUnHappyPath()[pri:0, instance:testScript.PaymentCheckOutTest@dd05255]" started-at="2025-04-03T19:44:21 IST" name="verifyCheckoutWithUnHappyPath" finished-at="2025-04-03T19:44:42 IST" duration-ms="21373" status="PASS">
          <reporter-output>
          </reporter-output>
        </test-method> <!-- verifyCheckoutWithUnHappyPath -->
        <test-method is-config="true" signature="tearDown()[pri:0, instance:testScript.PaymentCheckOutTest@dd05255]" started-at="2025-04-03T19:44:42 IST" name="tearDown" finished-at="2025-04-03T19:44:42 IST" duration-ms="1" status="PASS">
          <reporter-output>
          </reporter-output>
        </test-method> <!-- tearDown -->
      </class> <!-- testScript.PaymentCheckOutTest -->
    </test> <!-- Default test -->
  </suite> <!-- Default suite -->
</testng-results>
