<?xml version="1.0" encoding="UTF-8"?>
<testng-results ignored="0" total="1" passed="1" failed="0" skipped="0">
  <reporter-output>
  </reporter-output>
  <suite started-at="2025-04-02T02:15:58 IST" name="Default suite" finished-at="2025-04-02T02:16:13 IST" duration-ms="14693">
    <groups>
    </groups>
    <test started-at="2025-04-02T02:15:58 IST" name="Default test" finished-at="2025-04-02T02:16:13 IST" duration-ms="14693">
      <class name="testScript.PaymentCheckOutTest">
        <test-method is-config="true" signature="initializeBrowser()[pri:0, instance:testScript.PaymentCheckOutTest@815b41f]" started-at="2025-04-02T02:15:58 IST" name="initializeBrowser" finished-at="2025-04-02T02:16:03 IST" duration-ms="4776" status="PASS">
          <reporter-output>
          </reporter-output>
        </test-method> <!-- initializeBrowser -->
        <test-method signature="verifyCheckoutWithUnhappyPath()[pri:0, instance:testScript.PaymentCheckOutTest@815b41f]" started-at="2025-04-02T02:16:03 IST" name="verifyCheckoutWithUnhappyPath" finished-at="2025-04-02T02:16:13 IST" duration-ms="9841" status="PASS">
          <reporter-output>
          </reporter-output>
        </test-method> <!-- verifyCheckoutWithUnhappyPath -->
        <test-method is-config="true" signature="tearDown()[pri:0, instance:testScript.PaymentCheckOutTest@815b41f]" started-at="2025-04-02T02:16:13 IST" name="tearDown" finished-at="2025-04-02T02:16:13 IST" duration-ms="1" status="PASS">
          <reporter-output>
          </reporter-output>
        </test-method> <!-- tearDown -->
      </class> <!-- testScript.PaymentCheckOutTest -->
    </test> <!-- Default test -->
  </suite> <!-- Default suite -->
</testng-results>
